2019-08-19 22:24:51,933 - BrowserEngine - INFO - You had select Chrome browser. 
2019-08-19 22:24:51,934 - BrowserEngine - INFO - The test server url is http://www.baidu.com 
2019-08-19 22:24:54,934 - BrowserEngine - INFO - Starting Chorme browser 
2019-08-19 22:24:55,619 - BrowserEngine - INFO - Open url http://www.baidu.com 
2019-08-19 22:24:55,623 - BrowserEngine - INFO - Set implicitly wait 10 seconds 
2019-08-19 22:24:55,701 - BasePage - INFO - Had find the element '  ' successfulby id via value:kw 
2019-08-19 22:24:55,823 - BasePage - INFO - Had type ' selenium ' in inputBox 
2019-08-19 22:24:55,847 - BasePage - INFO - Had find the element '  ' successfulby xpath via value://*[@id='su'] 
2019-08-19 22:24:55,899 - BasePage - INFO - The emement was click 
2019-08-19 22:24:58,239 - BasePage - INFO - Had take screenshot and save to folder : /screenshots 
2019-08-19 22:24:58,244 - BasePage - INFO - Current page title is selenium_百度搜索 
2019-08-19 22:24:58,249 - BaiduSearch - INFO - Test Pass 
2019-08-19 22:25:00,561 - BrowserEngine - INFO - You had select Chrome browser. 
2019-08-19 22:25:00,562 - BrowserEngine - INFO - The test server url is http://www.baidu.com 
2019-08-19 22:25:02,687 - BrowserEngine - INFO - Starting Chorme browser 
2019-08-19 22:25:03,317 - BrowserEngine - INFO - Open url http://www.baidu.com 
2019-08-19 22:25:03,318 - BrowserEngine - INFO - Set implicitly wait 10 seconds 
2019-08-19 22:25:03,346 - BasePage - INFO - Had find the element '  ' successfulby id via value:kw 
2019-08-19 22:25:03,464 - BasePage - INFO - Had type ' python ' in inputBox 
2019-08-19 22:25:03,489 - BasePage - INFO - Had find the element '  ' successfulby xpath via value://*[@id='su'] 
2019-08-19 22:25:03,541 - BasePage - INFO - The emement was click 
2019-08-19 22:25:05,879 - BasePage - INFO - Had take screenshot and save to folder : /screenshots 
2019-08-19 22:25:05,884 - BasePage - INFO - Current page title is python_百度搜索 
2019-08-19 22:25:05,887 - BaiduSearch - INFO - Test Pass 
2019-08-19 22:25:08,163 - BrowserEngine - INFO - You had select Chrome browser. 
2019-08-19 22:25:08,164 - BrowserEngine - INFO - The test server url is http://www.baidu.com 
2019-08-19 22:25:10,289 - BrowserEngine - INFO - Starting Chorme browser 
2019-08-19 22:25:10,921 - BrowserEngine - INFO - Open url http://www.baidu.com 
2019-08-19 22:25:10,924 - BrowserEngine - INFO - Set implicitly wait 10 seconds 
2019-08-19 22:25:10,938 - BasePage - INFO - Current page title is 百度一下，你就知道 
